[ 2018-06-07T08:36:00+08:00 ] ::1 ::1 GET /shixun1/ppgongshe/ppgongshe/public/index/img/imgs
[ log ] localhost/shixun1/ppgongshe/ppgongshe/public/index/img/imgs [运行时间：1.182987s][吞吐率：0.85req/s] [内存消耗：2,366.77kb] [文件加载：52]
[ info ] [ LANG ] E:\web\WWW\shixun1\ppgongshe\ppgongshe\thinkphp\lang\zh-cn.php
[ info ] [ ROUTE ] array (
  'type' => 'module',
  'module' => 
  array (
    0 => 'index',
    1 => 'img',
    2 => 'imgs',
  ),
)
[ info ] [ HEADER ] array (
  'host' => 'localhost',
  'connection' => 'keep-alive',
  'pragma' => 'no-cache',
  'cache-control' => 'no-cache',
  'user-agent' => 'Mozilla/5.0 (iPhone; CPU iPhone OS 9_1 like Mac OS X) AppleWebKit/601.1.46 (KHTML, like Gecko) Version/9.0 Mobile/13B143 Safari/601.1 wechatdevtools/1.02.1805181 MicroMessenger/6.5.7 Language/zh_CN webview/',
  'content-type' => 'application/json',
  'accept' => '*/*',
  'referer' => 'https://servicewechat.com/wx49e8547674851240/devtools/page-frame.html',
  'accept-encoding' => 'gzip, deflate, br',
)
[ info ] [ PARAM ] array (
)
[ info ] [ RUN ] app\index\controller\Img->imgs[ E:\web\WWW\shixun1\ppgongshe\ppgongshe\application\index\controller\Img.php ]
[ info ] [ DB ] INIT mysql
[ info ] [ LOG ] INIT File
[ sql ] [ DB ] CONNECT:[ UseTime:0.047212s ] mysql:dbname=ppcommune;host=127.0.0.1;port=3306;charset=utf8
[ sql ] [ SQL ] SHOW COLUMNS FROM `pp_goods_img` [ RunTime:0.064702s ]
[ sql ] [ SQL ] SELECT `img_id`,`img_path`,`goods_name` FROM `pp_goods_img` INNER JOIN `pp_goods` `pp_goods` ON `pp_goods_img`.`goods_id`=`pp_goods`.`goods_id` [ RunTime:0.027203s ]

---------------------------------------------------------------
[ 2018-06-07T09:08:23+08:00 ] ::1 ::1 GET /shixun1/ppgongshe/ppgongshe/public/index/img/imgs
[ log ] localhost/shixun1/ppgongshe/ppgongshe/public/index/img/imgs [运行时间：0.572934s][吞吐率：1.75req/s] [内存消耗：2,366.73kb] [文件加载：52]
[ info ] [ LANG ] E:\web\WWW\shixun1\ppgongshe\ppgongshe\thinkphp\lang\zh-cn.php
[ info ] [ ROUTE ] array (
  'type' => 'module',
  'module' => 
  array (
    0 => 'index',
    1 => 'img',
    2 => 'imgs',
  ),
)
[ info ] [ HEADER ] array (
  'host' => 'localhost',
  'connection' => 'keep-alive',
  'pragma' => 'no-cache',
  'cache-control' => 'no-cache',
  'user-agent' => 'Mozilla/5.0 (iPhone; CPU iPhone OS 9_1 like Mac OS X) AppleWebKit/601.1.46 (KHTML, like Gecko) Version/9.0 Mobile/13B143 Safari/601.1 wechatdevtools/1.02.1805181 MicroMessenger/6.5.7 Language/zh_CN webview/',
  'content-type' => 'application/json',
  'accept' => '*/*',
  'referer' => 'https://servicewechat.com/wx49e8547674851240/devtools/page-frame.html',
  'accept-encoding' => 'gzip, deflate, br',
)
[ info ] [ PARAM ] array (
)
[ info ] [ RUN ] app\index\controller\Img->imgs[ E:\web\WWW\shixun1\ppgongshe\ppgongshe\application\index\controller\Img.php ]
[ info ] [ DB ] INIT mysql
[ info ] [ LOG ] INIT File
[ sql ] [ DB ] CONNECT:[ UseTime:0.002138s ] mysql:dbname=ppcommune;host=127.0.0.1;port=3306;charset=utf8
[ sql ] [ SQL ] SHOW COLUMNS FROM `pp_goods_img` [ RunTime:0.014102s ]
[ sql ] [ SQL ] SELECT `img_id`,`img_path`,`goods_name` FROM `pp_goods_img` INNER JOIN `pp_goods` `pp_goods` ON `pp_goods_img`.`goods_id`=`pp_goods`.`goods_id` [ RunTime:0.001612s ]

---------------------------------------------------------------
[ 2018-06-07T11:07:08+08:00 ] ::1 ::1 GET /shixun1/ppgongshe/ppgongshe/public/
[ log ] localhost/shixun1/ppgongshe/ppgongshe/public/ [运行时间：0.407043s][吞吐率：2.46req/s] [内存消耗：1,652.43kb] [文件加载：46]
[ info ] [ LANG ] E:\web\WWW\shixun1\ppgongshe\ppgongshe\thinkphp\lang\zh-cn.php
[ info ] [ ROUTE ] array (
  'type' => 'module',
  'module' => 
  array (
    0 => '',
    1 => NULL,
    2 => NULL,
  ),
)
[ info ] [ HEADER ] array (
  'host' => 'localhost',
  'connection' => 'keep-alive',
  'upgrade-insecure-requests' => '1',
  'user-agent' => 'Mozilla/5.0 (Windows NT 10.0; WOW64) AppleWebKit/537.36 (KHTML, like Gecko) Chrome/65.0.3325.181 Safari/537.36',
  'accept' => 'text/html,application/xhtml+xml,application/xml;q=0.9,image/webp,image/apng,*/*;q=0.8',
  'referer' => 'http://localhost/shixun1/ppgongshe/ppgongshe/',
  'accept-encoding' => 'gzip, deflate, br',
  'accept-language' => 'zh-CN,zh;q=0.9,en;q=0.8',
  'cookie' => 'ECS[visit_times]=2',
)
[ info ] [ PARAM ] array (
)
[ info ] [ RUN ] app\index\controller\Index->index[ E:\web\WWW\shixun1\ppgongshe\ppgongshe\application\index\controller\Index.php ]
[ info ] [ VIEW ] E:\web\WWW\shixun1\ppgongshe\ppgongshe\public/../application/index\view\index\index.html [ array (
) ]
[ info ] [ LOG ] INIT File

---------------------------------------------------------------
[ 2018-06-07T11:07:08+08:00 ] ::1 ::1 GET /shixun1/ppgongshe/ppgongshe/public/index/index/main.html
[ log ] localhost/shixun1/ppgongshe/ppgongshe/public/index/index/main.html [运行时间：0.086759s][吞吐率：11.53req/s] [内存消耗：1,655.17kb] [文件加载：46]
[ info ] [ LANG ] E:\web\WWW\shixun1\ppgongshe\ppgongshe\thinkphp\lang\zh-cn.php
[ info ] [ ROUTE ] array (
  'type' => 'module',
  'module' => 
  array (
    0 => 'index',
    1 => 'index',
    2 => 'main',
  ),
)
[ info ] [ HEADER ] array (
  'host' => 'localhost',
  'connection' => 'keep-alive',
  'upgrade-insecure-requests' => '1',
  'user-agent' => 'Mozilla/5.0 (Windows NT 10.0; WOW64) AppleWebKit/537.36 (KHTML, like Gecko) Chrome/65.0.3325.181 Safari/537.36',
  'accept' => 'text/html,application/xhtml+xml,application/xml;q=0.9,image/webp,image/apng,*/*;q=0.8',
  'referer' => 'http://localhost/shixun1/ppgongshe/ppgongshe/public/',
  'accept-encoding' => 'gzip, deflate, br',
  'accept-language' => 'zh-CN,zh;q=0.9,en;q=0.8',
  'cookie' => 'ECS[visit_times]=2',
)
[ info ] [ PARAM ] array (
)
[ info ] [ RUN ] app\index\controller\Index->main[ E:\web\WWW\shixun1\ppgongshe\ppgongshe\application\index\controller\Index.php ]
[ info ] [ VIEW ] E:\web\WWW\shixun1\ppgongshe\ppgongshe\public/../application/index\view\index\main.html [ array (
) ]
[ info ] [ LOG ] INIT File

---------------------------------------------------------------
[ 2018-06-07T11:07:23+08:00 ] ::1 ::1 GET /shixun1/ppgongshe/ppgongshe/public/good/aa
[ log ] localhost/shixun1/ppgongshe/ppgongshe/public/good/aa [运行时间：0.221306s][吞吐率：4.52req/s] [内存消耗：1,392.19kb] [文件加载：40]
[ info ] [ LANG ] E:\web\WWW\shixun1\ppgongshe\ppgongshe\thinkphp\lang\zh-cn.php
[ info ] [ ROUTE ] array (
  'type' => 'module',
  'module' => 
  array (
    0 => 'good',
    1 => 'aa',
    2 => NULL,
  ),
)
[ info ] [ HEADER ] array (
  'host' => 'localhost',
  'connection' => 'keep-alive',
  'upgrade-insecure-requests' => '1',
  'user-agent' => 'Mozilla/5.0 (Windows NT 10.0; WOW64) AppleWebKit/537.36 (KHTML, like Gecko) Chrome/65.0.3325.181 Safari/537.36',
  'accept' => 'text/html,application/xhtml+xml,application/xml;q=0.9,image/webp,image/apng,*/*;q=0.8',
  'accept-encoding' => 'gzip, deflate, br',
  'accept-language' => 'zh-CN,zh;q=0.9,en;q=0.8',
  'cookie' => 'ECS[visit_times]=2',
)
[ info ] [ PARAM ] array (
)
[ info ] [ LOG ] INIT File

---------------------------------------------------------------
[ 2018-06-07T11:07:45+08:00 ] ::1 ::1 GET /shixun1/ppgongshe/ppgongshe/public/index/good/aa
[ log ] localhost/shixun1/ppgongshe/ppgongshe/public/index/good/aa [运行时间：0.081480s][吞吐率：12.27req/s] [内存消耗：1,645.22kb] [文件加载：44]
[ info ] [ LANG ] E:\web\WWW\shixun1\ppgongshe\ppgongshe\thinkphp\lang\zh-cn.php
[ info ] [ ROUTE ] array (
  'type' => 'module',
  'module' => 
  array (
    0 => 'index',
    1 => 'good',
    2 => 'aa',
  ),
)
[ info ] [ HEADER ] array (
  'host' => 'localhost',
  'connection' => 'keep-alive',
  'upgrade-insecure-requests' => '1',
  'user-agent' => 'Mozilla/5.0 (Windows NT 10.0; WOW64) AppleWebKit/537.36 (KHTML, like Gecko) Chrome/65.0.3325.181 Safari/537.36',
  'accept' => 'text/html,application/xhtml+xml,application/xml;q=0.9,image/webp,image/apng,*/*;q=0.8',
  'accept-encoding' => 'gzip, deflate, br',
  'accept-language' => 'zh-CN,zh;q=0.9,en;q=0.8',
  'cookie' => 'ECS[visit_times]=2',
)
[ info ] [ PARAM ] array (
)
[ info ] [ RUN ] app\index\controller\Good->aa[ E:\web\WWW\shixun1\ppgongshe\ppgongshe\application\index\controller\Good.php ]
[ info ] [ LOG ] INIT File

---------------------------------------------------------------
[ 2018-06-07T11:08:25+08:00 ] ::1 ::1 GET /shixun1/ppgongshe/ppgongshe/public/index/good/aa
[ log ] localhost/shixun1/ppgongshe/ppgongshe/public/index/good/aa [运行时间：0.047114s][吞吐率：21.23req/s] [内存消耗：1,645.70kb] [文件加载：44]
[ info ] [ LANG ] E:\web\WWW\shixun1\ppgongshe\ppgongshe\thinkphp\lang\zh-cn.php
[ info ] [ ROUTE ] array (
  'type' => 'module',
  'module' => 
  array (
    0 => 'index',
    1 => 'good',
    2 => 'aa',
  ),
)
[ info ] [ HEADER ] array (
  'host' => 'localhost',
  'connection' => 'keep-alive',
  'pragma' => 'no-cache',
  'cache-control' => 'no-cache',
  'upgrade-insecure-requests' => '1',
  'user-agent' => 'Mozilla/5.0 (Windows NT 10.0; WOW64) AppleWebKit/537.36 (KHTML, like Gecko) Chrome/65.0.3325.181 Safari/537.36',
  'accept' => 'text/html,application/xhtml+xml,application/xml;q=0.9,image/webp,image/apng,*/*;q=0.8',
  'accept-encoding' => 'gzip, deflate, br',
  'accept-language' => 'zh-CN,zh;q=0.9,en;q=0.8',
  'cookie' => 'ECS[visit_times]=2',
)
[ info ] [ PARAM ] array (
)
[ info ] [ RUN ] app\index\controller\Good->aa[ E:\web\WWW\shixun1\ppgongshe\ppgongshe\application\index\controller\Good.php ]
[ info ] [ LOG ] INIT File

---------------------------------------------------------------
